<?xml version="1.0" encoding="UTF-8"?>
<!-- Generated by org.testng.reporters.JUnitReportReporter -->
<testsuite hostname="DESKTOP-DRRO17G" name="banker_testcase.Rrun_Banker_Testcase" tests="2" failures="0" timestamp="2 Dec 2020 10:54:42 GMT" time="23.789" errors="0">
  <testcase name="Login_As_Banker" time="22.057" classname="banker_testcase.Rrun_Banker_Testcase"/>
  <testcase name="Tc021_Valid_Account_Details" time="1.732" classname="banker_testcase.Rrun_Banker_Testcase"/>
</testsuite> <!-- banker_testcase.Rrun_Banker_Testcase -->
