<?xml version="1.0" encoding="UTF-8"?>
<!-- Generated by org.testng.reporters.JUnitReportReporter -->
<testsuite hostname="DESKTOP-DRRO17G" name="web_tests.Test_Branches" tests="1" failures="0" timestamp="18 Nov 2020 10:20:51 GMT" time="2.647" errors="0">
  <testcase name="Tc001_Admin_login_Invalid_Password" time="2.647" classname="web_tests.Test_Branches"/>
</testsuite> <!-- web_tests.Test_Branches -->
