<?xml version="1.0" encoding="UTF-8"?>
<!-- Generated by org.testng.reporters.JUnitReportReporter -->
<testsuite hostname="DESKTOP-DRRO17G" name="banker_testcase.Rrun_Banker_Testcase" tests="2" failures="0" timestamp="4 Dec 2020 10:04:42 GMT" time="17.305" errors="0">
  <testcase name="Tc_22_Verify_DD_Deposit" time="10.229" classname="banker_testcase.Rrun_Banker_Testcase"/>
  <testcase name="Login_As_Banker" time="7.076" classname="banker_testcase.Rrun_Banker_Testcase"/>
</testsuite> <!-- banker_testcase.Rrun_Banker_Testcase -->
