<?xml version="1.0" encoding="UTF-8"?>
<!-- Generated by org.testng.reporters.JUnitReportReporter -->
<testsuite hostname="DESKTOP-DRRO17G" name="banker_testcase.Rrun_Banker_Testcase" tests="1" failures="0" timestamp="2 Dec 2020 10:12:25 GMT" time="32.673" errors="0">
  <testcase name="Login_As_Banker" time="32.673" classname="banker_testcase.Rrun_Banker_Testcase"/>
</testsuite> <!-- banker_testcase.Rrun_Banker_Testcase -->
