<?xml version="1.0" encoding="UTF-8"?>
<!-- Generated by org.testng.reporters.JUnitReportReporter -->
<testsuite hostname="DESKTOP-DRRO17G" name="banker_testcase.Rrun_Banker_Testcase" tests="1" failures="0" timestamp="28 Nov 2020 10:56:51 GMT" time="19.523" errors="0">
  <testcase name="Login_As_Banker" time="19.523" classname="banker_testcase.Rrun_Banker_Testcase"/>
</testsuite> <!-- banker_testcase.Rrun_Banker_Testcase -->
